<?xml version="1.0" encoding="UTF-8" ?>
<testsuite tests="14" failures="4" name="runners.CukeRunner" time="16.649" errors="0" skipped="0">
  <properties>
[...]
</properties>
  <testcase classname="Verify Sign in page title" name="The User is on the homepage" time="3.243"/>
  <testcase classname="Verify Sign in page title" name="The user clicks on sign in button" time="1.036"/>
  <testcase classname="Verify Sign in page title" name="The user should land on sign in page and the title should be Login - My Store" time="0.006"/>
  <testcase classname="Verify Sign in page title" name="Verify Sign in page title" time="0.85"/>
  <testcase classname="Verify negative login using wrong credentials" name="The User is on the homepage" time="2.266"/>
  <testcase classname="Verify negative login using wrong credentials" name="The user clicks on sign in button" time="1.012"/>
  <testcase classname="Verify negative login using wrong credentials" name="The user enters incorrect credentials" time="1.009"/>
  <testcase classname="Verify negative login using wrong credentials" name="The user should not login and the error message should appear with the text Invalid Email Address" time="0.105">
    <failure message="expected:&lt;Authentication fail[].&gt; but was:&lt;Authentication fail[ed].&gt;" type="org.junit.ComparisonFailure">org.junit.ComparisonFailure: expected:&lt;Authentication fail[].&gt; but was:&lt;Authentication fail[ed].&gt;
	at org.junit.Assert.assertEquals(Assert.java:117)
	at org.junit.Assert.assertEquals(Assert.java:146)
	at step_definitions.SignInStepDefs.the_user_should_not_login_and_the_error_message_should_appear(SignInStepDefs.java:67)
	at ✽.The user should not login and the error message should appear with the text Invalid Email Address(file:///C:/Users/Duotech/eclipsez/cucumber-bdd-framework/src/test/resources/features/sign_in.feature:17)
</failure>
    <system-out>  And The user enters incorrect credentials                                                              # step_definitions.SignInStepDefs.the_user_enters_incorrect_credentials()
</system-out>
  </testcase>
  <testcase classname="Verify negative login using wrong credentials" name="Verify negative login using wrong credentials" time="1.332">
    <failure message="expected:&lt;Authentication fail[].&gt; but was:&lt;Authentication fail[ed].&gt;" type="org.junit.ComparisonFailure">org.junit.ComparisonFailure: expected:&lt;Authentication fail[].&gt; but was:&lt;Authentication fail[ed].&gt;
	at org.junit.Assert.assertEquals(Assert.java:117)
	at org.junit.Assert.assertEquals(Assert.java:146)
	at step_definitions.SignInStepDefs.the_user_should_not_login_and_the_error_message_should_appear(SignInStepDefs.java:67)
	at ✽.The user should not login and the error message should appear with the text Invalid Email Address(file:///C:/Users/Duotech/eclipsez/cucumber-bdd-framework/src/test/resources/features/sign_in.feature:17)
</failure>
    <system-out>  Then The user should not login and the error message should appear with the text Invalid Email Address # step_definitions.SignInStepDefs.the_user_should_not_login_and_the_error_message_should_appear()
      org.junit.ComparisonFailure: expected:&lt;Authentication fail[].&gt; but was:&lt;Authentication fail[ed].&gt;
	at org.junit.Assert.assertEquals(Assert.java:117)
	at org.junit.Assert.assertEquals(Assert.java:146)
	at step_definitions.SignInStepDefs.the_user_should_not_login_and_the_error_message_should_appear(SignInStepDefs.java:67)
	at âœ½.The user should not login and the error message should appear with the text Invalid Email Address(file:///C:/Users/Duotech/eclipsez/cucumber-bdd-framework/src/test/resources/features/sign_in.feature:17)


    Embedding Screenshot20210123014231 [image/png 152899 bytes]

</system-out>
  </testcase>
  <testcase classname="Verify negative login using no credentials" name="The User is on the homepage" time="2.557"/>
  <testcase classname="Verify negative login using no credentials" name="The user clicks on sign in button" time="0.939"/>
  <testcase classname="Verify negative login using no credentials" name="The user enters no credentials" time="0.943"/>
  <testcase classname="Verify negative login using no credentials" name="The user should not login and the error message should appear with the text An email address required" time="0.1">
    <failure message="expected:&lt;An email address [need]ed.&gt; but was:&lt;An email address [requir]ed.&gt;" type="org.junit.ComparisonFailure">org.junit.ComparisonFailure: expected:&lt;An email address [need]ed.&gt; but was:&lt;An email address [requir]ed.&gt;
	at org.junit.Assert.assertEquals(Assert.java:117)
	at org.junit.Assert.assertEquals(Assert.java:146)
	at step_definitions.SignInStepDefs.the_user_should_not_login_and_the_error_message_should_appear_with_the_text_an_email_address_required(SignInStepDefs.java:86)
	at ✽.The user should not login and the error message should appear with the text An email address required(file:///C:/Users/Duotech/eclipsez/cucumber-bdd-framework/src/test/resources/features/sign_in.feature:22)
</failure>
    <system-out>  And The user enters no credentials                                                                         # step_definitions.SignInStepDefs.the_user_enters_no_credentials()
</system-out>
  </testcase>
  <testcase classname="Verify negative login using no credentials" name="Verify negative login using no credentials" time="1.251">
    <failure message="expected:&lt;An email address [need]ed.&gt; but was:&lt;An email address [requir]ed.&gt;" type="org.junit.ComparisonFailure">org.junit.ComparisonFailure: expected:&lt;An email address [need]ed.&gt; but was:&lt;An email address [requir]ed.&gt;
	at org.junit.Assert.assertEquals(Assert.java:117)
	at org.junit.Assert.assertEquals(Assert.java:146)
	at step_definitions.SignInStepDefs.the_user_should_not_login_and_the_error_message_should_appear_with_the_text_an_email_address_required(SignInStepDefs.java:86)
	at ✽.The user should not login and the error message should appear with the text An email address required(file:///C:/Users/Duotech/eclipsez/cucumber-bdd-framework/src/test/resources/features/sign_in.feature:22)
</failure>
    <system-out>  Then The user should not login and the error message should appear with the text An email address required # step_definitions.SignInStepDefs.the_user_should_not_login_and_the_error_message_should_appear_with_the_text_an_email_address_required()
      org.junit.ComparisonFailure: expected:&lt;An email address [need]ed.&gt; but was:&lt;An email address [requir]ed.&gt;
	at org.junit.Assert.assertEquals(Assert.java:117)
	at org.junit.Assert.assertEquals(Assert.java:146)
	at step_definitions.SignInStepDefs.the_user_should_not_login_and_the_error_message_should_appear_with_the_text_an_email_address_required(SignInStepDefs.java:86)
	at âœ½.The user should not login and the error message should appear with the text An email address required(file:///C:/Users/Duotech/eclipsez/cucumber-bdd-framework/src/test/resources/features/sign_in.feature:22)


    Embedding Screenshot20210123014238 [image/png 150884 bytes]

</system-out>
  </testcase>
</testsuite>